<?xml version="1.0" encoding="UTF-8"?>
<testng-results skipped="0" failed="0" total="1" passed="1">
  <reporter-output>
  </reporter-output>
  <suite name="Suite1" duration-ms="410" started-at="2014-12-21T17:38:18Z" finished-at="2014-12-21T17:38:19Z">
    <groups>
    </groups>
    <test name="Regression1" duration-ms="410" started-at="2014-12-21T17:38:18Z" finished-at="2014-12-21T17:38:19Z">
      <class name="core.tests.com.WebServiceTest">
        <test-method status="PASS" signature="testForWS()[pri:0, instance:core.tests.com.WebServiceTest@4d9bbd1a]" name="testForWS" duration-ms="399" started-at="2014-12-21T21:38:18Z" finished-at="2014-12-21T21:38:19Z">
          <reporter-output>
          </reporter-output>
        </test-method> <!-- testForWS -->
      </class> <!-- core.tests.com.WebServiceTest -->
    </test> <!-- Regression1 -->
  </suite> <!-- Suite1 -->
</testng-results>
